
Visual COBOL Exception Handler - 11/04/2016  19:30:03
c:\users\jerem\onedrive\documents\github\projet\vs\consoleapplication2\consoleapplication2\bin\x86\debug\Aeroclub.exe caused an exception at address : 0x01351B28
Exception type - EXCEPTION_STACK_OVERFLOW

Registers:

	EAX 20202020	EBX 0018FE1C
	ECX 00000000	EDX 00000000
	DS  002B	ESI 0135B9A8
	ES  002B	EDI 0135B3FC
	FS  0053	GS  002B
	CS  0023	EIP 01351B28
	SS  002B	ESP 00093000	EBP 0018FE94
	Flags 00010202

Error occurred in : c:\users\jerem\onedrive\documents\github\projet\vs\consoleapplication2\consoleapplication2\bin\x86\debug\Aeroclub.exe, loaded at 0x01350000

Command Line : 

COBOL call stack:

	F4	(obj program)

Run-time : C:\Program Files (x86)\Micro Focus\Visual COBOL\bin\cblrtsm.dll, loaded at 0x10000000

	CompanyName Micro Focus
	FileDescription Micro Focus Run Time System Core Support
	FileVersion VisualCOBOL-R10/172
	LegalCopyright Copyright (C) Micro Focus 1984-2015. All rights reserved.
	OriginalFileName cblrtsm.dll
	ProductName Micro Focus COBOL 2012
	ProductVersion 2.3.00341

OS Information:

Windows NT 6.2 (Build 9200: )
CPU: Intel Pentium Model 42 step 7, 4 processors
Available memory - 2097151 KB
